# JRE version: Java(TM) SE Runtime Environment (19.0.1+10) (build 19.0.1+10-21)
# Java VM: Java HotSpot(TM) 64-Bit Server VM (19.0.1+10-21, mixed mode, sharing, tiered, compressed oops, compressed class ptrs, g1 gc, windows-amd64)
GC Precious Log:
 CardTable entry size: 512
 Card Set container configuration: InlinePtr #cards 5 size 8 Array Of Cards #cards 12 size 40 Howl #buckets 4 coarsen threshold 1843 Howl Bitmap #cards 512 size 80 coarsen threshold 460 Card regions per heap region 1 cards per card region 2048
 CPUs: 8 total, 8 available
 Memory: 7934M
 Large Page Support: Disabled
 NUMA Support: Disabled
 Compressed Oops: Enabled (32-bit)
 Heap Region Size: 1M
 Heap Min Capacity: 8M
 Heap Initial Capacity: 124M
 Heap Max Capacity: 1984M
 Pre-touch: Disabled
 Parallel Workers: 8
 Concurrent Workers: 2
 Concurrent Refinement Workers: 8
 Periodic GC: Disabled
Heap:
 garbage-first heap   total 68608K, used 48067K [0x0000000084000000, 0x0000000100000000)
  region size 1024K, 2 young (2048K), 2 survivors (2048K)
 Metaspace       used 65535K, committed 66112K, reserved 1114112K
  class space    used 8427K, committed 8704K, reserved 1048576K
GC Heap History (20 events):
Event: 10.407 GC heap after
{Heap after GC invocations=21 (full 0):
 garbage-first heap   total 51200K, used 26999K [0x0000000084000000, 0x0000000100000000)
  region size 1024K, 1 young (1024K), 1 survivors (1024K)
 Metaspace       used 59595K, committed 59968K, reserved 1114112K
  class space    used 7683K, committed 7872K, reserved 1048576K
}
Event: 10.878 GC heap before
{Heap before GC invocations=22 (full 0):
 garbage-first heap   total 51200K, used 42359K [0x0000000084000000, 0x0000000100000000)
  region size 1024K, 16 young (16384K), 1 survivors (1024K)
 Metaspace       used 61267K, committed 61696K, reserved 1114112K
  class space    used 7901K, committed 8128K, reserved 1048576K
}
Event: 10.880 GC heap after
{Heap after GC invocations=23 (full 0):
 garbage-first heap   total 51200K, used 28025K [0x0000000084000000, 0x0000000100000000)
  region size 1024K, 2 young (2048K), 2 survivors (2048K)
 Metaspace       used 61267K, committed 61696K, reserved 1114112K
  class space    used 7901K, committed 8128K, reserved 1048576K
}
Event: 11.117 GC heap before
{Heap before GC invocations=23 (full 0):
 garbage-first heap   total 51200K, used 42361K [0x0000000084000000, 0x0000000100000000)
  region size 1024K, 16 young (16384K), 2 survivors (2048K)
 Metaspace       used 62646K, committed 63168K, reserved 1114112K
  class space    used 8101K, committed 8384K, reserved 1048576K
}
Event: 11.120 GC heap after
{Heap after GC invocations=24 (full 0):
 garbage-first heap   total 51200K, used 29010K [0x0000000084000000, 0x0000000100000000)
  region size 1024K, 2 young (2048K), 2 survivors (2048K)
 Metaspace       used 62646K, committed 63168K, reserved 1114112K
  class space    used 8101K, committed 8384K, reserved 1048576K
}
Event: 11.442 GC heap before
{Heap before GC invocations=24 (full 0):
 garbage-first heap   total 51200K, used 42322K [0x0000000084000000, 0x0000000100000000)
  region size 1024K, 15 young (15360K), 2 survivors (2048K)
 Metaspace       used 64391K, committed 64896K, reserved 1114112K
  class space    used 8322K, committed 8576K, reserved 1048576K
}
Event: 11.446 GC heap after
{Heap after GC invocations=25 (full 0):
 garbage-first heap   total 51200K, used 30197K [0x0000000084000000, 0x0000000100000000)
  region size 1024K, 2 young (2048K), 2 survivors (2048K)
 Metaspace       used 64391K, committed 64896K, reserved 1114112K
  class space    used 8322K, committed 8576K, reserved 1048576K
}
Event: 11.624 GC heap before
{Heap before GC invocations=25 (full 0):
 garbage-first heap   total 51200K, used 42485K [0x0000000084000000, 0x0000000100000000)
  region size 1024K, 14 young (14336K), 2 survivors (2048K)
 Metaspace       used 65320K, committed 65856K, reserved 1114112K
  class space    used 8416K, committed 8704K, reserved 1048576K
}
Event: 11.628 GC heap after
{Heap after GC invocations=26 (full 0):
 garbage-first heap   total 51200K, used 33745K [0x0000000084000000, 0x0000000100000000)
  region size 1024K, 2 young (2048K), 2 survivors (2048K)
 Metaspace       used 65320K, committed 65856K, reserved 1114112K
  class space    used 8416K, committed 8704K, reserved 1048576K
}
Event: 11.670 GC heap before
{Heap before GC invocations=26 (full 0):
 garbage-first heap   total 51200K, used 40913K [0x0000000084000000, 0x0000000100000000)
  region size 1024K, 10 young (10240K), 2 survivors (2048K)
 Metaspace       used 65358K, committed 65920K, reserved 1114112K
  class space    used 8416K, committed 8704K, reserved 1048576K
}
Event: 11.673 GC heap after
{Heap after GC invocations=27 (full 0):
 garbage-first heap   total 65536K, used 35557K [0x0000000084000000, 0x0000000100000000)
  region size 1024K, 2 young (2048K), 2 survivors (2048K)
 Metaspace       used 65358K, committed 65920K, reserved 1114112K
  class space    used 8416K, committed 8704K, reserved 1048576K
}
Event: 11.785 GC heap before
{Heap before GC invocations=28 (full 0):
 garbage-first heap   total 68608K, used 49893K [0x0000000084000000, 0x0000000100000000)
  region size 1024K, 17 young (17408K), 2 survivors (2048K)
 Metaspace       used 65394K, committed 65984K, reserved 1114112K
  class space    used 8418K, committed 8704K, reserved 1048576K
}
Event: 11.787 GC heap after
{Heap after GC invocations=29 (full 0):
 garbage-first heap   total 68608K, used 38902K [0x0000000084000000, 0x0000000100000000)
  region size 1024K, 3 young (3072K), 3 survivors (3072K)
 Metaspace       used 65394K, committed 65984K, reserved 1114112K
  class space    used 8418K, committed 8704K, reserved 1048576K
}
Event: 11.791 GC heap before
{Heap before GC invocations=29 (full 0):
 garbage-first heap   total 68608K, used 39926K [0x0000000084000000, 0x0000000100000000)
  region size 1024K, 4 young (4096K), 3 survivors (3072K)
 Metaspace       used 65394K, committed 65984K, reserved 1114112K
  class space    used 8418K, committed 8704K, reserved 1048576K
}
Event: 11.794 GC heap after
{Heap after GC invocations=30 (full 0):
 garbage-first heap   total 68608K, used 39732K [0x0000000084000000, 0x0000000100000000)
  region size 1024K, 1 young (1024K), 1 survivors (1024K)
 Metaspace       used 65394K, committed 65984K, reserved 1114112K
  class space    used 8418K, committed 8704K, reserved 1048576K
}
Event: 11.871 GC heap before
{Heap before GC invocations=30 (full 0):
 garbage-first heap   total 68608K, used 54068K [0x0000000084000000, 0x0000000100000000)
  region size 1024K, 14 young (14336K), 1 survivors (1024K)
 Metaspace       used 65534K, committed 66112K, reserved 1114112K
  class space    used 8427K, committed 8704K, reserved 1048576K
}
Event: 11.874 GC heap after
{Heap after GC invocations=31 (full 0):
 garbage-first heap   total 68608K, used 44887K [0x0000000084000000, 0x0000000100000000)
  region size 1024K, 2 young (2048K), 2 survivors (2048K)
 Metaspace       used 65534K, committed 66112K, reserved 1114112K
  class space    used 8427K, committed 8704K, reserved 1048576K
}
Event: 11.901 GC heap before
{Heap before GC invocations=31 (full 0):
 garbage-first heap   total 68608K, used 53079K [0x0000000084000000, 0x0000000100000000)
  region size 1024K, 11 young (11264K), 2 survivors (2048K)
 Metaspace       used 65535K, committed 66112K, reserved 1114112K
  class space    used 8427K, committed 8704K, reserved 1048576K
}
Event: 11.904 GC heap after
{Heap after GC invocations=32 (full 0):
 garbage-first heap   total 68608K, used 46209K [0x0000000084000000, 0x0000000100000000)
  region size 1024K, 2 young (2048K), 2 survivors (2048K)
 Metaspace       used 65535K, committed 66112K, reserved 1114112K
  class space    used 8427K, committed 8704K, reserved 1048576K
}
Event: 11.919 GC heap before
{Heap before GC invocations=32 (full 0):
 garbage-first heap   total 68608K, used 53377K [0x0000000084000000, 0x0000000100000000)
  region size 1024K, 10 young (10240K), 2 survivors (2048K)
 Metaspace       used 65535K, committed 66112K, reserved 1114112K
  class space    used 8427K, committed 8704K, reserved 1048576K
}

