# JRE version: Java(TM) SE Runtime Environment (19.0.1+10) (build 19.0.1+10-21)
# Java VM: Java HotSpot(TM) 64-Bit Server VM (19.0.1+10-21, mixed mode, sharing, tiered, compressed oops, compressed class ptrs, g1 gc, windows-amd64)
GC Precious Log:
 CardTable entry size: 512
 Card Set container configuration: InlinePtr #cards 5 size 8 Array Of Cards #cards 12 size 40 Howl #buckets 4 coarsen threshold 1843 Howl Bitmap #cards 512 size 80 coarsen threshold 460 Card regions per heap region 1 cards per card region 2048
 CPUs: 8 total, 8 available
 Memory: 7934M
 Large Page Support: Disabled
 NUMA Support: Disabled
 Compressed Oops: Enabled (32-bit)
 Heap Region Size: 1M
 Heap Min Capacity: 8M
 Heap Initial Capacity: 124M
 Heap Max Capacity: 1984M
 Pre-touch: Disabled
 Parallel Workers: 8
 Concurrent Workers: 2
 Concurrent Refinement Workers: 8
 Periodic GC: Disabled
Heap:
 garbage-first heap   total 75776K, used 52305K [0x0000000084000000, 0x0000000100000000)
  region size 1024K, 14 young (14336K), 2 survivors (2048K)
 Metaspace       used 64844K, committed 65408K, reserved 1114112K
  class space    used 8361K, committed 8640K, reserved 1048576K
GC Heap History (20 events):
Event: 5.487 GC heap before
{Heap before GC invocations=14 (full 0):
 garbage-first heap   total 51200K, used 39911K [0x0000000084000000, 0x0000000100000000)
  region size 1024K, 19 young (19456K), 3 survivors (3072K)
 Metaspace       used 55769K, committed 56192K, reserved 1114112K
  class space    used 7209K, committed 7424K, reserved 1048576K
}
Event: 5.490 GC heap after
{Heap after GC invocations=15 (full 0):
 garbage-first heap   total 51200K, used 24714K [0x0000000084000000, 0x0000000100000000)
  region size 1024K, 2 young (2048K), 2 survivors (2048K)
 Metaspace       used 55769K, committed 56192K, reserved 1114112K
  class space    used 7209K, committed 7424K, reserved 1048576K
}
Event: 5.727 GC heap before
{Heap before GC invocations=15 (full 0):
 garbage-first heap   total 51200K, used 41098K [0x0000000084000000, 0x0000000100000000)
  region size 1024K, 18 young (18432K), 2 survivors (2048K)
 Metaspace       used 58041K, committed 58432K, reserved 1114112K
  class space    used 7495K, committed 7680K, reserved 1048576K
}
Event: 5.729 GC heap after
{Heap after GC invocations=16 (full 0):
 garbage-first heap   total 51200K, used 25698K [0x0000000084000000, 0x0000000100000000)
  region size 1024K, 3 young (3072K), 3 survivors (3072K)
 Metaspace       used 58041K, committed 58432K, reserved 1114112K
  class space    used 7495K, committed 7680K, reserved 1048576K
}
Event: 5.845 GC heap before
{Heap before GC invocations=17 (full 0):
 garbage-first heap   total 51200K, used 41058K [0x0000000084000000, 0x0000000100000000)
  region size 1024K, 18 young (18432K), 3 survivors (3072K)
 Metaspace       used 58901K, committed 59328K, reserved 1114112K
  class space    used 7613K, committed 7808K, reserved 1048576K
}
Event: 5.847 GC heap after
{Heap after GC invocations=18 (full 0):
 garbage-first heap   total 51200K, used 26474K [0x0000000084000000, 0x0000000100000000)
  region size 1024K, 2 young (2048K), 2 survivors (2048K)
 Metaspace       used 58901K, committed 59328K, reserved 1114112K
  class space    used 7613K, committed 7808K, reserved 1048576K
}
Event: 6.046 GC heap before
{Heap before GC invocations=18 (full 0):
 garbage-first heap   total 51200K, used 39786K [0x0000000084000000, 0x0000000100000000)
  region size 1024K, 16 young (16384K), 2 survivors (2048K)
 Metaspace       used 60423K, committed 60864K, reserved 1114112K
  class space    used 7808K, committed 8000K, reserved 1048576K
}
Event: 6.049 GC heap after
{Heap after GC invocations=19 (full 0):
 garbage-first heap   total 61440K, used 27443K [0x0000000084000000, 0x0000000100000000)
  region size 1024K, 2 young (2048K), 2 survivors (2048K)
 Metaspace       used 60423K, committed 60864K, reserved 1114112K
  class space    used 7808K, committed 8000K, reserved 1048576K
}
Event: 6.394 GC heap before
{Heap before GC invocations=20 (full 0):
 garbage-first heap   total 61440K, used 48947K [0x0000000084000000, 0x0000000100000000)
  region size 1024K, 23 young (23552K), 2 survivors (2048K)
 Metaspace       used 62961K, committed 63424K, reserved 1114112K
  class space    used 8168K, committed 8384K, reserved 1048576K
}
Event: 6.396 GC heap after
{Heap after GC invocations=21 (full 0):
 garbage-first heap   total 61440K, used 29312K [0x0000000084000000, 0x0000000100000000)
  region size 1024K, 3 young (3072K), 3 survivors (3072K)
 Metaspace       used 62961K, committed 63424K, reserved 1114112K
  class space    used 8168K, committed 8384K, reserved 1048576K
}
Event: 6.617 GC heap before
{Heap before GC invocations=21 (full 0):
 garbage-first heap   total 61440K, used 49792K [0x0000000084000000, 0x0000000100000000)
  region size 1024K, 23 young (23552K), 3 survivors (3072K)
 Metaspace       used 64629K, committed 65216K, reserved 1114112K
  class space    used 8348K, committed 8640K, reserved 1048576K
}
Event: 6.622 GC heap after
{Heap after GC invocations=22 (full 0):
 garbage-first heap   total 61440K, used 34294K [0x0000000084000000, 0x0000000100000000)
  region size 1024K, 3 young (3072K), 3 survivors (3072K)
 Metaspace       used 64629K, committed 65216K, reserved 1114112K
  class space    used 8348K, committed 8640K, reserved 1048576K
}
Event: 6.678 GC heap before
{Heap before GC invocations=22 (full 0):
 garbage-first heap   total 61440K, used 47606K [0x0000000084000000, 0x0000000100000000)
  region size 1024K, 17 young (17408K), 3 survivors (3072K)
 Metaspace       used 64671K, committed 65216K, reserved 1114112K
  class space    used 8348K, committed 8640K, reserved 1048576K
}
Event: 6.681 GC heap after
{Heap after GC invocations=23 (full 0):
 garbage-first heap   total 61440K, used 36348K [0x0000000084000000, 0x0000000100000000)
  region size 1024K, 3 young (3072K), 3 survivors (3072K)
 Metaspace       used 64671K, committed 65216K, reserved 1114112K
  class space    used 8348K, committed 8640K, reserved 1048576K
}
Event: 6.775 GC heap before
{Heap before GC invocations=24 (full 0):
 garbage-first heap   total 75776K, used 48636K [0x0000000084000000, 0x0000000100000000)
  region size 1024K, 15 young (15360K), 3 survivors (3072K)
 Metaspace       used 64815K, committed 65408K, reserved 1114112K
  class space    used 8361K, committed 8640K, reserved 1048576K
}
Event: 6.780 GC heap after
{Heap after GC invocations=25 (full 0):
 garbage-first heap   total 75776K, used 40414K [0x0000000084000000, 0x0000000100000000)
  region size 1024K, 2 young (2048K), 2 survivors (2048K)
 Metaspace       used 64815K, committed 65408K, reserved 1114112K
  class space    used 8361K, committed 8640K, reserved 1048576K
}
Event: 6.784 GC heap before
{Heap before GC invocations=25 (full 0):
 garbage-first heap   total 75776K, used 41438K [0x0000000084000000, 0x0000000100000000)
  region size 1024K, 3 young (3072K), 2 survivors (2048K)
 Metaspace       used 64816K, committed 65408K, reserved 1114112K
  class space    used 8361K, committed 8640K, reserved 1048576K
}
Event: 6.787 GC heap after
{Heap after GC invocations=26 (full 0):
 garbage-first heap   total 75776K, used 41486K [0x0000000084000000, 0x0000000100000000)
  region size 1024K, 1 young (1024K), 1 survivors (1024K)
 Metaspace       used 64816K, committed 65408K, reserved 1114112K
  class space    used 8361K, committed 8640K, reserved 1048576K
}
Event: 6.814 GC heap before
{Heap before GC invocations=26 (full 0):
 garbage-first heap   total 75776K, used 56846K [0x0000000084000000, 0x0000000100000000)
  region size 1024K, 16 young (16384K), 1 survivors (1024K)
 Metaspace       used 64841K, committed 65408K, reserved 1114112K
  class space    used 8361K, committed 8640K, reserved 1048576K
}
Event: 6.817 GC heap after
{Heap after GC invocations=27 (full 0):
 garbage-first heap   total 75776K, used 44113K [0x0000000084000000, 0x0000000100000000)
  region size 1024K, 2 young (2048K), 2 survivors (2048K)
 Metaspace       used 64841K, committed 65408K, reserved 1114112K
  class space    used 8361K, committed 8640K, reserved 1048576K
}

